{"/Users/lakkappapujari/Documents/React/namaste-dev-react-course/react-app/src/components/About.js": {"path":"/Users/lakkappapujari/Documents/React/namaste-dev-react-course/react-app/src/components/About.js","statementMap":{"0":{"start":{"line":1,"column":14},"end":{"line":12,"column":1}},"1":{"start":{"line":2,"column":4},"end":{"line":11,"column":5}}},"fnMap":{"0":{"name":"(anonymous_0)","decl":{"start":{"line":1,"column":14},"end":{"line":1,"column":15}},"loc":{"start":{"line":1,"column":20},"end":{"line":12,"column":1}},"line":1}},"branchMap":{},"s":{"0":1,"1":4},"f":{"0":4},"b":{},"_coverageSchema":"1a1c01bbd47fc00a2c39e90264f33305004495a9","hash":"8369ae42bbf375737af887e43198dcf7e6f9da5a"}
,"/Users/lakkappapujari/Documents/React/namaste-dev-react-course/react-app/src/components/Header.js": {"path":"/Users/lakkappapujari/Documents/React/namaste-dev-react-course/react-app/src/components/Header.js","statementMap":{"0":{"start":{"line":7,"column":15},"end":{"line":27,"column":1}},"1":{"start":{"line":8,"column":19},"end":{"line":8,"column":36}},"2":{"start":{"line":9,"column":29},"end":{"line":9,"column":52}},"3":{"start":{"line":10,"column":21},"end":{"line":10,"column":61}},"4":{"start":{"line":10,"column":44},"end":{"line":10,"column":60}},"5":{"start":{"line":11,"column":4},"end":{"line":26,"column":5}}},"fnMap":{"0":{"name":"(anonymous_0)","decl":{"start":{"line":7,"column":15},"end":{"line":7,"column":16}},"loc":{"start":{"line":7,"column":21},"end":{"line":27,"column":1}},"line":7},"1":{"name":"(anonymous_1)","decl":{"start":{"line":10,"column":33},"end":{"line":10,"column":34}},"loc":{"start":{"line":10,"column":44},"end":{"line":10,"column":60}},"line":10}},"branchMap":{"0":{"loc":{"start":{"line":15,"column":70},"end":{"line":15,"column":105}},"type":"cond-expr","locations":[{"start":{"line":15,"column":79},"end":{"line":15,"column":90}},{"start":{"line":15,"column":93},"end":{"line":15,"column":105}}],"line":15}},"s":{"0":1,"1":1,"2":1,"3":1,"4":2,"5":1},"f":{"0":1,"1":2},"b":{"0":[1,0]},"_coverageSchema":"1a1c01bbd47fc00a2c39e90264f33305004495a9","hash":"4beae92a603e6ab4eebb9feb01ed94ec66fb2799"}
,"/Users/lakkappapujari/Documents/React/namaste-dev-react-course/react-app/src/components/SumTest.js": {"path":"/Users/lakkappapujari/Documents/React/namaste-dev-react-course/react-app/src/components/SumTest.js","statementMap":{"0":{"start":{"line":1,"column":23},"end":{"line":3,"column":1}},"1":{"start":{"line":2,"column":4},"end":{"line":2,"column":17}}},"fnMap":{"0":{"name":"(anonymous_0)","decl":{"start":{"line":1,"column":23},"end":{"line":1,"column":24}},"loc":{"start":{"line":1,"column":33},"end":{"line":3,"column":1}},"line":1}},"branchMap":{},"s":{"0":1,"1":1},"f":{"0":1},"b":{},"_coverageSchema":"1a1c01bbd47fc00a2c39e90264f33305004495a9","hash":"e476e881f21178d8714aef0ea158796d30399fb6"}
,"/Users/lakkappapujari/Documents/React/namaste-dev-react-course/react-app/src/redux/appStore.js": {"path":"/Users/lakkappapujari/Documents/React/namaste-dev-react-course/react-app/src/redux/appStore.js","statementMap":{"0":{"start":{"line":4,"column":17},"end":{"line":8,"column":2}}},"fnMap":{},"branchMap":{},"s":{"0":1},"f":{},"b":{},"_coverageSchema":"1a1c01bbd47fc00a2c39e90264f33305004495a9","hash":"6f78c2fa503f199c3d57f1dc720f13e8499708bb"}
}
